2025-06-22 14:04:17,313 - VocabMaster - INFO - 启动VocabMaster
2025-06-22 14:04:17,315 - VocabMaster - INFO - 使用GUI模式
2025-06-22 14:04:17,836 - gui - INFO - 初始化GUI界面
2025-06-22 14:04:17,958 - gui - INFO - 启动主窗口
2025-06-22 14:04:17,959 - utils.learning_stats - INFO - 载入了 31 个单词的统计数据
2025-06-22 14:04:17,960 - gui - INFO - 学习统计管理器初始化成功
2025-06-22 14:04:18,005 - utils.enhanced_cache - INFO - 载入缓存：1057 条有效记录
2025-06-22 14:04:19,485 - utils.learning_stats - INFO - 载入了 31 个单词的统计数据
2025-06-22 14:04:57,208 - utils.ielts - INFO - Loaded 7046 IELTS words.
2025-06-22 14:04:57,209 - utils.ielts - INFO - 当前缓存大小: 1057, 词汇表大小: 7046
2025-06-22 14:04:57,209 - utils.ielts - INFO - 建议使用 preload_cache() 方法预热缓存以提升性能
2025-06-22 14:04:58,470 - utils.ielts - INFO - Prepared IELTS test session with 10 words.
2025-06-22 14:04:58,470 - gui - INFO - 开始学习会话: 33a24d5c, 类型: ielts
2025-06-22 14:05:04,979 - utils.ielts - INFO - === 开始检查答案 ===
2025-06-22 14:05:04,979 - utils.ielts - INFO - 用户答案: '选举'
2025-06-22 14:05:04,979 - utils.ielts - INFO - 标准释义: ['v. 选举；选择（做）；（上帝）挑选（某人）（而使其灵魂永远得救）', 'adj. 候任的；选中的，卓越的；蒙上帝挑选（而得救）的', 'n. 上帝的选民（the elect）；特权阶层']
2025-06-22 14:05:04,980 - utils.ielts - INFO - 原始释义: 'v. 选举；选择（做）；（上帝）挑选（某人）（而使其灵魂永远得救）'
2025-06-22 14:05:04,980 - utils.ielts - INFO - 清理后释义: '选举；选择；挑选'
2025-06-22 14:05:04,980 - utils.ielts - INFO - 检查释义片段: '选举'
2025-06-22 14:05:04,980 - utils.ielts - INFO - 完全匹配成功: '选举' 与 '选举' 完全一致
2025-06-22 14:05:04,980 - utils.ielts - INFO - ✅ 完全匹配成功
2025-06-22 14:05:09,689 - utils.ielts - INFO - === 开始检查答案 ===
2025-06-22 14:05:09,690 - utils.ielts - INFO - 用户答案: '刺绣'
2025-06-22 14:05:09,690 - utils.ielts - INFO - 标准释义: ['n. 刺绣技法，刺绣活儿；绣花，刺绣品；夸张之词，渲染成分']
2025-06-22 14:05:09,690 - utils.ielts - INFO - 原始释义: 'n. 刺绣技法，刺绣活儿；绣花，刺绣品；夸张之词，渲染成分'
2025-06-22 14:05:09,690 - utils.ielts - INFO - 清理后释义: '刺绣技法，刺绣活儿；绣花，刺绣品；夸张之词，渲染成分'
2025-06-22 14:05:09,690 - utils.ielts - INFO - 检查释义片段: '刺绣技法'
2025-06-22 14:05:09,690 - utils.ielts - INFO - 检查释义片段: '刺绣活儿'
2025-06-22 14:05:09,690 - utils.ielts - INFO - 检查释义片段: '绣花'
2025-06-22 14:05:09,690 - utils.ielts - INFO - 检查释义片段: '刺绣品'
2025-06-22 14:05:09,690 - utils.ielts - INFO - 检查释义片段: '夸张之词'
2025-06-22 14:05:09,690 - utils.ielts - INFO - 检查释义片段: '渲染成分'
2025-06-22 14:05:09,690 - utils.ielts - INFO - 完全匹配失败: '刺绣' 与所有标准释义都不完全一致
2025-06-22 14:05:09,690 - utils.ielts - INFO - 尝试语义匹配...
2025-06-22 14:05:09,690 - utils.ielts - INFO - --- 调用 Embedding API (缓存未命中) ---
2025-06-22 14:05:09,690 - utils.ielts - INFO - URL: https://api.siliconflow.cn/v1/embeddings
2025-06-22 14:05:09,690 - utils.ielts - INFO - Model: netease-youdao/bce-embedding-base_v1
2025-06-22 14:05:09,690 - utils.ielts - INFO - Input text: '刺绣...'
2025-06-22 14:05:09,877 - utils.ielts - INFO - Successfully retrieved embedding for '刺绣...' (dimension: 768)
2025-06-22 14:05:09,882 - utils.ielts - INFO - --- 调用 Embedding API (缓存未命中) ---
2025-06-22 14:05:09,882 - utils.ielts - INFO - URL: https://api.siliconflow.cn/v1/embeddings
2025-06-22 14:05:09,882 - utils.ielts - INFO - Model: netease-youdao/bce-embedding-base_v1
2025-06-22 14:05:09,882 - utils.ielts - INFO - Input text: 'n. 刺绣技法，刺绣活儿；绣花，刺绣品；夸张之词，渲染成分...'
2025-06-22 14:05:10,061 - utils.ielts - INFO - Successfully retrieved embedding for 'n. 刺绣技法，刺绣活儿；绣花，刺绣品；夸张之词，渲染成分...' (dimension: 768)
2025-06-22 14:05:10,065 - utils.ielts - INFO - 语义分析 - '刺绣' vs 'n. 刺绣技法，刺绣活儿；绣花，刺绣品；夸张之词，渲染成分'
2025-06-22 14:05:10,065 - utils.ielts - INFO -   余弦相似度: 0.6179
2025-06-22 14:05:10,065 - utils.ielts - INFO -   语言学分数: 0.3690
2025-06-22 14:05:10,065 - utils.ielts - INFO -   组合分数: 0.5681
2025-06-22 14:05:10,065 - utils.ielts - INFO - 📊 语义分析结果:
2025-06-22 14:05:10,065 - utils.ielts - INFO -   最高相似度: 0.6179
2025-06-22 14:05:10,065 - utils.ielts - INFO -   语言学分数: 0.3690
2025-06-22 14:05:10,065 - utils.ielts - INFO -   组合分数: 0.5681
2025-06-22 14:05:10,065 - utils.ielts - INFO -   基础阈值: 0.5500
2025-06-22 14:05:10,065 - utils.ielts - INFO -   质量惩罚: 0.0000
2025-06-22 14:05:10,065 - utils.ielts - INFO -   调整阈值: 0.5500
2025-06-22 14:05:10,065 - utils.ielts - INFO -   组合阈值: 0.4950
2025-06-22 14:05:10,065 - utils.ielts - INFO -   最佳匹配: 'n. 刺绣技法，刺绣活儿；绣花，刺绣品；夸张之词，渲染成分'
2025-06-22 14:05:10,065 - utils.ielts - INFO - ✅ 语义匹配成功！组合分数 0.5681 >= 组合阈值 0.4950
2025-06-22 14:05:12,901 - utils.ielts - INFO - === 开始检查答案 ===
2025-06-22 14:05:12,901 - utils.ielts - INFO - 用户答案: '震惊'
2025-06-22 14:05:12,901 - utils.ielts - INFO - 标准释义: ['n. 惊讶，惊愕']
2025-06-22 14:05:12,901 - utils.ielts - INFO - 原始释义: 'n. 惊讶，惊愕'
2025-06-22 14:05:12,901 - utils.ielts - INFO - 清理后释义: '惊讶，惊愕'
2025-06-22 14:05:12,902 - utils.ielts - INFO - 检查释义片段: '惊讶'
2025-06-22 14:05:12,902 - utils.ielts - INFO - 检查释义片段: '惊愕'
2025-06-22 14:05:12,902 - utils.ielts - INFO - 完全匹配失败: '震惊' 与所有标准释义都不完全一致
2025-06-22 14:05:12,902 - utils.ielts - INFO - 尝试语义匹配...
2025-06-22 14:05:12,902 - utils.ielts - INFO - --- 调用 Embedding API (缓存未命中) ---
2025-06-22 14:05:12,902 - utils.ielts - INFO - URL: https://api.siliconflow.cn/v1/embeddings
2025-06-22 14:05:12,902 - utils.ielts - INFO - Model: netease-youdao/bce-embedding-base_v1
2025-06-22 14:05:12,902 - utils.ielts - INFO - Input text: '震惊...'
2025-06-22 14:05:13,122 - utils.ielts - INFO - Successfully retrieved embedding for '震惊...' (dimension: 768)
2025-06-22 14:05:13,124 - utils.ielts - INFO - --- 调用 Embedding API (缓存未命中) ---
2025-06-22 14:05:13,124 - utils.ielts - INFO - URL: https://api.siliconflow.cn/v1/embeddings
2025-06-22 14:05:13,124 - utils.ielts - INFO - Model: netease-youdao/bce-embedding-base_v1
2025-06-22 14:05:13,124 - utils.ielts - INFO - Input text: 'n. 惊讶，惊愕...'
2025-06-22 14:05:13,301 - utils.ielts - INFO - Successfully retrieved embedding for 'n. 惊讶，惊愕...' (dimension: 768)
2025-06-22 14:05:13,302 - utils.ielts - INFO - 语义分析 - '震惊' vs 'n. 惊讶，惊愕'
2025-06-22 14:05:13,302 - utils.ielts - INFO -   余弦相似度: 0.5519
2025-06-22 14:05:13,302 - utils.ielts - INFO -   语言学分数: 0.2000
2025-06-22 14:05:13,302 - utils.ielts - INFO -   组合分数: 0.4815
2025-06-22 14:05:13,302 - utils.ielts - INFO - 📊 语义分析结果:
2025-06-22 14:05:13,302 - utils.ielts - INFO -   最高相似度: 0.5519
2025-06-22 14:05:13,302 - utils.ielts - INFO -   语言学分数: 0.2000
2025-06-22 14:05:13,302 - utils.ielts - INFO -   组合分数: 0.4815
2025-06-22 14:05:13,302 - utils.ielts - INFO -   基础阈值: 0.5500
2025-06-22 14:05:13,302 - utils.ielts - INFO -   质量惩罚: 0.0000
2025-06-22 14:05:13,302 - utils.ielts - INFO -   调整阈值: 0.5500
2025-06-22 14:05:13,302 - utils.ielts - INFO -   组合阈值: 0.4950
2025-06-22 14:05:13,302 - utils.ielts - INFO -   最佳匹配: 'n. 惊讶，惊愕'
2025-06-22 14:05:13,302 - utils.ielts - INFO - ✅ 语义匹配成功！相似度 0.5519 >= 调整阈值 0.5500
2025-06-22 14:05:16,122 - utils.ielts - INFO - === 开始检查答案 ===
2025-06-22 14:05:16,123 - utils.ielts - INFO - 用户答案: '建立'
2025-06-22 14:05:16,123 - utils.ielts - INFO - 标准释义: ['n. 建立，设立；权势集团，现存体制；企业，公共机构，家庭；结婚；英国国教，苏格兰长老会']
2025-06-22 14:05:16,123 - utils.ielts - INFO - 原始释义: 'n. 建立，设立；权势集团，现存体制；企业，公共机构，家庭；结婚；英国国教，苏格兰长老会'
2025-06-22 14:05:16,123 - utils.ielts - INFO - 清理后释义: '建立，设立；权势集团，现存体制；企业，公共机构，家庭；结婚；英国国教，苏格兰长老会'
2025-06-22 14:05:16,123 - utils.ielts - INFO - 检查释义片段: '建立'
2025-06-22 14:05:16,123 - utils.ielts - INFO - 完全匹配成功: '建立' 与 '建立' 完全一致
2025-06-22 14:05:16,123 - utils.ielts - INFO - ✅ 完全匹配成功
2025-06-22 14:05:20,143 - utils.ielts - INFO - === 开始检查答案 ===
2025-06-22 14:05:20,144 - utils.ielts - INFO - 用户答案: '股票'
2025-06-22 14:05:20,144 - utils.ielts - INFO - 标准释义: ['n. 现货，存货；储备物，备用物；股本，资本；股份，股票；<英>公债，公债券；家畜，牲畜；种族，家系；高汤，原汤；手足枷（stocks）；柄，枪托；名声，声望；紫罗兰；接穗，砧木；根茎，根状茎；<美>保留剧目轮演剧团；信任，相信；铁路上使用的所有车辆；（胶卷）原片；发剩下的牌；（商品的）原材料；锚杆；主轴台，主轴箱（headstock 的简写）；尾架，尾座（tailstock 的简写）；白色领结，白色领带；（牧师衣领下系的）黑色领带；船台（stocks）', 'v. 备有，存有；摆满，供应；为（枪等火器）装枪托；出新芽', 'adj. 老一套的，陈腐的；（商店）库存的，常备的；（有关）电影资料镜头的', '【名】 （Stock）（德、匈、捷）施托克，（英、法、葡、瑞典）斯托克（人名）']
2025-06-22 14:05:20,144 - utils.ielts - INFO - 原始释义: 'n. 现货，存货；储备物，备用物；股本，资本；股份，股票；<英>公债，公债券；家畜，牲畜；种族，家系；高汤，原汤；手足枷（stocks）；柄，枪托；名声，声望；紫罗兰；接穗，砧木；根茎，根状茎；<美>保留剧目轮演剧团；信任，相信；铁路上使用的所有车辆；（胶卷）原片；发剩下的牌；（商品的）原材料；锚杆；主轴台，主轴箱（headstock 的简写）；尾架，尾座（tailstock 的简写）；白色领结，白色领带；（牧师衣领下系的）黑色领带；船台（stocks）'
2025-06-22 14:05:20,144 - utils.ielts - INFO - 清理后释义: '现货，存货；储备物，备用物；股本，资本；股份，股票；<英>公债，公债券；家畜，牲畜；种族，家系；高汤，原汤；手足枷；柄，枪托；名声，声望；紫罗兰；接穗，砧木；根茎，根状茎；<美>保留剧目轮演剧团；信任，相信；铁路上使用的所有车辆；原片；发剩下的牌；原材料；锚杆；主轴台，主轴箱；尾架，尾座；白色领结，白色领带；黑色领带；船台'
2025-06-22 14:05:20,144 - utils.ielts - INFO - 检查释义片段: '现货'
2025-06-22 14:05:20,144 - utils.ielts - INFO - 检查释义片段: '存货'
2025-06-22 14:05:20,144 - utils.ielts - INFO - 检查释义片段: '储备物'
2025-06-22 14:05:20,144 - utils.ielts - INFO - 检查释义片段: '备用物'
2025-06-22 14:05:20,144 - utils.ielts - INFO - 检查释义片段: '股本'
2025-06-22 14:05:20,144 - utils.ielts - INFO - 检查释义片段: '资本'
2025-06-22 14:05:20,144 - utils.ielts - INFO - 检查释义片段: '股份'
2025-06-22 14:05:20,144 - utils.ielts - INFO - 检查释义片段: '股票'
2025-06-22 14:05:20,144 - utils.ielts - INFO - 完全匹配成功: '股票' 与 '股票' 完全一致
2025-06-22 14:05:20,145 - utils.ielts - INFO - ✅ 完全匹配成功
2025-06-22 14:05:26,249 - utils.ielts - INFO - === 开始检查答案 ===
2025-06-22 14:05:26,249 - utils.ielts - INFO - 用户答案: '削皮'
2025-06-22 14:05:26,249 - utils.ielts - INFO - 标准释义: ['v. 除去，剥去（水果、蔬菜等的）皮；去掉，剥掉，揭掉；剥落，脱落，脱皮；（水果，蔬菜）有可被除掉的皮；（槌球）把（另一球员的球）传过拱门', 'n. （水果、蔬菜的）皮，外皮；去角质；（16世纪时建在英格兰和苏格兰交界各郡的）堡塔，堡寨', '【名】 （Peel）（英）皮尔']
2025-06-22 14:05:26,249 - utils.ielts - INFO - 原始释义: 'v. 除去，剥去（水果、蔬菜等的）皮；去掉，剥掉，揭掉；剥落，脱落，脱皮；（水果，蔬菜）有可被除掉的皮；（槌球）把（另一球员的球）传过拱门'
2025-06-22 14:05:26,249 - utils.ielts - INFO - 清理后释义: '除去，剥去皮；去掉，剥掉，揭掉；剥落，脱落，脱皮；有可被除掉的皮；把传过拱门'
2025-06-22 14:05:26,249 - utils.ielts - INFO - 检查释义片段: '除去'
2025-06-22 14:05:26,249 - utils.ielts - INFO - 检查释义片段: '剥去皮'
2025-06-22 14:05:26,249 - utils.ielts - INFO - 检查释义片段: '去掉'
2025-06-22 14:05:26,249 - utils.ielts - INFO - 检查释义片段: '剥掉'
2025-06-22 14:05:26,249 - utils.ielts - INFO - 检查释义片段: '揭掉'
2025-06-22 14:05:26,249 - utils.ielts - INFO - 检查释义片段: '剥落'
2025-06-22 14:05:26,249 - utils.ielts - INFO - 检查释义片段: '脱落'
2025-06-22 14:05:26,249 - utils.ielts - INFO - 检查释义片段: '脱皮'
2025-06-22 14:05:26,249 - utils.ielts - INFO - 检查释义片段: '有可被除掉的皮'
2025-06-22 14:05:26,250 - utils.ielts - INFO - 检查释义片段: '把传过拱门'
2025-06-22 14:05:26,250 - utils.ielts - INFO - 原始释义: 'n. （水果、蔬菜的）皮，外皮；去角质；（16世纪时建在英格兰和苏格兰交界各郡的）堡塔，堡寨'
2025-06-22 14:05:26,250 - utils.ielts - INFO - 清理后释义: '皮，外皮；去角质；堡塔，堡寨'
2025-06-22 14:05:26,250 - utils.ielts - INFO - 检查释义片段: '皮'
2025-06-22 14:05:26,250 - utils.ielts - INFO - 检查释义片段: '外皮'
2025-06-22 14:05:26,250 - utils.ielts - INFO - 检查释义片段: '去角质'
2025-06-22 14:05:26,250 - utils.ielts - INFO - 检查释义片段: '堡塔'
2025-06-22 14:05:26,250 - utils.ielts - INFO - 检查释义片段: '堡寨'
2025-06-22 14:05:26,250 - utils.ielts - INFO - 原始释义: '【名】 （Peel）（英）皮尔'
2025-06-22 14:05:26,250 - utils.ielts - INFO - 清理后释义: '【名】 皮尔'
2025-06-22 14:05:26,250 - utils.ielts - INFO - 检查释义片段: '【名】 皮尔'
2025-06-22 14:05:26,250 - utils.ielts - INFO - 完全匹配失败: '削皮' 与所有标准释义都不完全一致
2025-06-22 14:05:26,250 - utils.ielts - INFO - 尝试语义匹配...
2025-06-22 14:05:26,250 - utils.ielts - INFO - --- 调用 Embedding API (缓存未命中) ---
2025-06-22 14:05:26,250 - utils.ielts - INFO - URL: https://api.siliconflow.cn/v1/embeddings
2025-06-22 14:05:26,250 - utils.ielts - INFO - Model: netease-youdao/bce-embedding-base_v1
2025-06-22 14:05:26,250 - utils.ielts - INFO - Input text: '削皮...'
2025-06-22 14:05:26,406 - utils.ielts - INFO - Successfully retrieved embedding for '削皮...' (dimension: 768)
2025-06-22 14:05:26,409 - utils.ielts - INFO - 语义分析 - '削皮' vs 'v. 除去，剥去（水果、蔬菜等的）皮；去掉，剥掉，揭掉；剥落，脱落，脱皮；（水果，蔬菜）有可被除掉的皮；（槌球）把（另一球员的球）传过拱门'
2025-06-22 14:05:26,409 - utils.ielts - INFO -   余弦相似度: 0.5102
2025-06-22 14:05:26,409 - utils.ielts - INFO -   语言学分数: 0.0228
2025-06-22 14:05:26,409 - utils.ielts - INFO -   组合分数: 0.4127
2025-06-22 14:05:26,410 - utils.ielts - INFO - 语义分析 - '削皮' vs 'n. （水果、蔬菜的）皮，外皮；去角质；（16世纪时建在英格兰和苏格兰交界各郡的）堡塔，堡寨'
2025-06-22 14:05:26,410 - utils.ielts - INFO -   余弦相似度: 0.4521
2025-06-22 14:05:26,410 - utils.ielts - INFO -   语言学分数: 0.0268
2025-06-22 14:05:26,410 - utils.ielts - INFO -   组合分数: 0.3670
2025-06-22 14:05:26,410 - utils.ielts - INFO - 语义分析 - '削皮' vs '【名】 （Peel）（英）皮尔'
2025-06-22 14:05:26,410 - utils.ielts - INFO -   余弦相似度: 0.3772
2025-06-22 14:05:26,410 - utils.ielts - INFO -   语言学分数: 0.1800
2025-06-22 14:05:26,410 - utils.ielts - INFO -   组合分数: 0.3378
2025-06-22 14:05:26,410 - utils.ielts - INFO - 📊 语义分析结果:
2025-06-22 14:05:26,410 - utils.ielts - INFO -   最高相似度: 0.5102
2025-06-22 14:05:26,410 - utils.ielts - INFO -   语言学分数: 0.0228
2025-06-22 14:05:26,411 - utils.ielts - INFO -   组合分数: 0.4127
2025-06-22 14:05:26,411 - utils.ielts - INFO -   基础阈值: 0.5500
2025-06-22 14:05:26,411 - utils.ielts - INFO -   质量惩罚: 0.0000
2025-06-22 14:05:26,411 - utils.ielts - INFO -   调整阈值: 0.5500
2025-06-22 14:05:26,411 - utils.ielts - INFO -   组合阈值: 0.4950
2025-06-22 14:05:26,411 - utils.ielts - INFO -   最佳匹配: 'v. 除去，剥去（水果、蔬菜等的）皮；去掉，剥掉，揭掉；剥落，脱落，脱皮；（水果，蔬菜）有可被除掉的皮；（槌球）把（另一球员的球）传过拱门'
2025-06-22 14:05:26,411 - utils.ielts - INFO - ❌ 语义匹配失败：组合分数 0.4127 < 阈值 0.4950
2025-06-22 14:05:29,624 - utils.ielts - INFO - === 开始检查答案 ===
2025-06-22 14:05:29,625 - utils.ielts - INFO - 用户答案: '安装'
2025-06-22 14:05:29,625 - utils.ielts - INFO - 标准释义: ['n. 安装；分期付款；部分；就职']
2025-06-22 14:05:29,625 - utils.ielts - INFO - 原始释义: 'n. 安装；分期付款；部分；就职'
2025-06-22 14:05:29,625 - utils.ielts - INFO - 清理后释义: '安装；分期付款；部分；就职'
2025-06-22 14:05:29,625 - utils.ielts - INFO - 检查释义片段: '安装'
2025-06-22 14:05:29,625 - utils.ielts - INFO - 完全匹配成功: '安装' 与 '安装' 完全一致
2025-06-22 14:05:29,625 - utils.ielts - INFO - ✅ 完全匹配成功
2025-06-22 14:05:31,288 - utils.ielts - WARNING - 答案检查失败：标准释义或用户答案为空
2025-06-22 14:05:31,833 - utils.ielts - WARNING - 答案检查失败：标准释义或用户答案为空
2025-06-22 14:05:32,708 - utils.ielts - WARNING - 答案检查失败：标准释义或用户答案为空
2025-06-22 14:05:32,922 - utils.learning_stats - INFO - 记录测试会话: 33a24d5c-6026-4d2b-a5aa-c6208caa0a26
2025-06-22 14:05:32,924 - utils.learning_stats - INFO - 保存了 41 个单词的统计数据
2025-06-22 14:05:32,924 - gui - INFO - 学习会话已记录: 6/10 (60.0%)
