2025-06-22 12:00:38,844 - VocabMaster - INFO - 启动VocabMaster
2025-06-22 12:00:38,846 - VocabMaster - INFO - 使用GUI模式
2025-06-22 12:00:39,356 - gui - INFO - 初始化GUI界面
2025-06-22 12:00:39,479 - gui - INFO - 启动主窗口
2025-06-22 12:00:39,480 - utils.learning_stats - INFO - 载入了 0 个单词的统计数据
2025-06-22 12:00:39,480 - gui - INFO - 学习统计管理器初始化成功
2025-06-22 12:00:39,523 - utils.enhanced_cache - INFO - 载入缓存：139 条有效记录
2025-06-22 12:00:41,160 - utils.learning_stats - INFO - 载入了 0 个单词的统计数据
2025-06-22 12:00:47,731 - utils.ielts - INFO - Loaded 7046 IELTS words.
2025-06-22 12:00:47,731 - utils.ielts - INFO - 当前缓存大小: 139, 词汇表大小: 7046
2025-06-22 12:00:47,731 - utils.ielts - INFO - 建议使用 preload_cache() 方法预热缓存以提升性能
2025-06-22 12:00:51,067 - utils.ielts - INFO - Prepared IELTS test session with 1 words.
2025-06-22 12:00:51,068 - gui - INFO - 开始学习会话: d8862b8f, 类型: ielts
2025-06-22 12:00:57,497 - utils.ielts - INFO - === 开始检查答案 ===
2025-06-22 12:00:57,498 - utils.ielts - INFO - 用户答案: '冷静'
2025-06-22 12:00:57,498 - utils.ielts - INFO - 标准释义: ['n. 冷；凉爽；冷静']
2025-06-22 12:00:57,498 - utils.ielts - INFO - 原始释义: 'n. 冷；凉爽；冷静'
2025-06-22 12:00:57,498 - utils.ielts - INFO - 清理后释义: '冷；凉爽；冷静'
2025-06-22 12:00:57,498 - utils.ielts - INFO - 检查释义片段: '冷'
2025-06-22 12:00:57,498 - utils.ielts - INFO - 检查释义片段: '凉爽'
2025-06-22 12:00:57,498 - utils.ielts - INFO - 检查释义片段: '冷静'
2025-06-22 12:00:57,499 - utils.ielts - INFO - 完全匹配成功: '冷静' 与 '冷静' 完全一致
2025-06-22 12:00:57,499 - utils.ielts - INFO - ✅ 完全匹配成功
2025-06-22 12:00:58,687 - utils.learning_stats - INFO - 记录测试会话: d8862b8f-e4cf-4594-b689-c6895a468667
2025-06-22 12:00:58,688 - utils.learning_stats - INFO - 保存了 1 个单词的统计数据
2025-06-22 12:00:58,688 - gui - INFO - 学习会话已记录: 1/1 (100.0%)
2025-06-22 12:00:59,990 - gui - CRITICAL - 程序错误: list index out of range
NoneType: None
